{"sessionId":"4338d8","runId":"run1","hypothesisId":"H2","location":"AsesorController::index","message":"enter","data":{"cedulaLen":10},"timestamp":1775839387669}
{"sessionId":"4338d8","runId":"post-fix","hypothesisId":"H1","location":"AsesorController::index","message":"index data loaded ok","data":{"items":1,"cursos":1},"timestamp":1775839387683}
{"sessionId":"4338d8","runId":"post-fix","hypothesisId":"H1","location":"views\/auth\/header.php:render","message":"header render","data":{"rol":"asesor","navActive":"asesor_index","request":"\/capacitacion1\/index.php?c=asesor&a=index"},"timestamp":1775839387684}
{"sessionId":"4338d8","runId":"run1","hypothesisId":"H2","location":"AsesorController::index","message":"enter","data":{"cedulaLen":10},"timestamp":1775839464594}
{"sessionId":"4338d8","runId":"post-fix","hypothesisId":"H1","location":"AsesorController::index","message":"index data loaded ok","data":{"items":1,"cursos":1},"timestamp":1775839464608}
{"sessionId":"4338d8","runId":"post-fix","hypothesisId":"H1","location":"views\/auth\/header.php:render","message":"header render","data":{"rol":"asesor","navActive":"asesor_index","request":"\/capacitacion1\/index.php?c=asesor&a=index"},"timestamp":1775839464608}
{"sessionId":"4338d8","runId":"run1","hypothesisId":"H1","location":"AuthController::login","message":"login ok redirect inicio","data":{"rol":"coordinador"},"timestamp":1775839472874}
{"sessionId":"4338d8","runId":"post-fix","hypothesisId":"H1","location":"views\/auth\/header.php:render","message":"header render","data":{"rol":"coordinador","navActive":"coord_index","request":"\/capacitacion1\/index.php?c=coordinador&a=index"},"timestamp":1775839472900}
{"sessionId":"4338d8","runId":"run1","hypothesisId":"Hloop","location":"controllers\/CoordinadorController.php:reportes","message":"enter reportes","data":{"request":"\/capacitacion1\/index.php?c=coordinador&a=reportes"},"timestamp":1775839476210}
{"sessionId":"4338d8","runId":"post-fix","hypothesisId":"H1","location":"views\/auth\/header.php:render","message":"header render","data":{"rol":"coordinador","navActive":"coord_reportes","request":"\/capacitacion1\/index.php?c=coordinador&a=reportes"},"timestamp":1775839476223}
{"sessionId":"4338d8","runId":"post-fix","hypothesisId":"H1","location":"views\/auth\/header.php:render","message":"header render","data":{"rol":"coordinador","navActive":"coord_reporte","request":"\/capacitacion1\/index.php?c=coordinador&a=reporte&id=2"},"timestamp":1775839477358}
{"sessionId":"4338d8","runId":"post-fix","hypothesisId":"H1","location":"views\/auth\/header.php:render","message":"header render","data":{"rol":"coordinador","navActive":"coord_detalle","request":"\/capacitacion1\/index.php?c=coordinador&a=asesor_detalle&id=2&cedula=3212132123"},"timestamp":1775839484577}
{"sessionId":"4338d8","runId":"post-fix","hypothesisId":"H1","location":"views\/auth\/header.php:render","message":"header render","data":{"rol":"coordinador","navActive":"coord_reporte","request":"\/capacitacion1\/index.php?c=coordinador&a=reporte&id=2"},"timestamp":1775839504714}
{"sessionId":"4338d8","runId":"post-fix","hypothesisId":"H1","location":"views\/auth\/header.php:render","message":"header render","data":{"rol":"coordinador","navActive":"coord_index","request":"\/capacitacion1\/index.php?c=coordinador&a=index"},"timestamp":1775839519836}
{"sessionId":"4338d8","runId":"post-fix","hypothesisId":"H1","location":"views\/auth\/header.php:render","message":"header render","data":{"rol":"coordinador","navActive":"coord_curso","request":"\/capacitacion1\/index.php?c=coordinador&a=curso&id=2"},"timestamp":1775839523320}
{"sessionId":"4338d8","runId":"post-fix","hypothesisId":"H2","location":"views\/coordinador\/curso.php:subnav","message":"curso subnav rendered","data":{"idCurso":2,"hasSecondaryTopnav":false,"usesCoordContextToolbar":true,"request":"\/capacitacion1\/index.php?c=coordinador&a=curso&id=2"},"timestamp":1775839523321}
{"sessionId":"4338d8","runId":"post-fix","hypothesisId":"H1","location":"views\/auth\/header.php:render","message":"header render","data":{"rol":"coordinador","navActive":"coord_preguntas","request":"\/capacitacion1\/index.php?c=coordinador&a=preguntas&id=2"},"timestamp":1775839525522}
{"sessionId":"4338d8","runId":"run1","hypothesisId":"H1","location":"views\/coordinador\/preguntas.php:subnav","message":"preguntas subnav rendered","data":{"idCurso":2,"hasCoordContextToolbar":true,"css":"assets\/css\/coordinador_preguntas.css","request":"\/capacitacion1\/index.php?c=coordinador&a=preguntas&id=2"},"timestamp":1775839525522}
{"sessionId":"4338d8","runId":"post-fix","hypothesisId":"H1","location":"views\/auth\/header.php:render","message":"header render","data":{"rol":"coordinador","navActive":"coord_preguntas","request":"\/capacitacion1\/index.php?c=coordinador&a=preguntas&id=2"},"timestamp":1775839559920}
{"sessionId":"4338d8","runId":"run1","hypothesisId":"H1","location":"views\/coordinador\/preguntas.php:subnav","message":"preguntas subnav rendered","data":{"idCurso":2,"hasCoordContextToolbar":true,"css":"assets\/css\/coordinador_preguntas.css","request":"\/capacitacion1\/index.php?c=coordinador&a=preguntas&id=2"},"timestamp":1775839559921}
{"sessionId":"4338d8","runId":"post-fix","hypothesisId":"H1","location":"views\/auth\/header.php:render","message":"header render","data":{"rol":"coordinador","navActive":"coord_preguntas","request":"\/capacitacion1\/index.php?c=coordinador&a=preguntas&id=2"},"timestamp":1775839581942}
{"sessionId":"4338d8","runId":"run1","hypothesisId":"H1","location":"views\/coordinador\/preguntas.php:subnav","message":"preguntas subnav rendered","data":{"idCurso":2,"hasCoordContextToolbar":true,"css":"assets\/css\/coordinador_preguntas.css","request":"\/capacitacion1\/index.php?c=coordinador&a=preguntas&id=2"},"timestamp":1775839581943}
{"sessionId":"4338d8","runId":"post-fix","hypothesisId":"H1","location":"views\/auth\/header.php:render","message":"header render","data":{"rol":"coordinador","navActive":"coord_preguntas","request":"\/capacitacion1\/index.php?c=coordinador&a=preguntas&id=2"},"timestamp":1775839606874}
{"sessionId":"4338d8","runId":"run1","hypothesisId":"H1","location":"views\/coordinador\/preguntas.php:subnav","message":"preguntas subnav rendered","data":{"idCurso":2,"hasCoordContextToolbar":true,"css":"assets\/css\/coordinador_preguntas.css","request":"\/capacitacion1\/index.php?c=coordinador&a=preguntas&id=2"},"timestamp":1775839606874}
{"sessionId":"4338d8","runId":"post-fix","hypothesisId":"H1","location":"views\/auth\/header.php:render","message":"header render","data":{"rol":"coordinador","navActive":"coord_preguntas","request":"\/capacitacion1\/index.php?c=coordinador&a=preguntas&id=2"},"timestamp":1775839652143}
{"sessionId":"4338d8","runId":"run1","hypothesisId":"H1","location":"views\/coordinador\/preguntas.php:subnav","message":"preguntas subnav rendered","data":{"idCurso":2,"hasCoordContextToolbar":true,"css":"assets\/css\/coordinador_preguntas.css","request":"\/capacitacion1\/index.php?c=coordinador&a=preguntas&id=2"},"timestamp":1775839652143}
{"sessionId":"4338d8","runId":"run1","hypothesisId":"H4","location":"InicioController::index","message":"redirect asesor","data":[],"timestamp":1775839677085}
{"sessionId":"4338d8","runId":"run1","hypothesisId":"H2","location":"AsesorController::index","message":"enter","data":{"cedulaLen":10},"timestamp":1775839677094}
{"sessionId":"4338d8","runId":"post-fix","hypothesisId":"H1","location":"AsesorController::index","message":"index data loaded ok","data":{"items":1,"cursos":1},"timestamp":1775839677108}
{"sessionId":"4338d8","runId":"post-fix","hypothesisId":"H1","location":"views\/auth\/header.php:render","message":"header render","data":{"rol":"asesor","navActive":"asesor_index","request":"\/capacitacion1\/index.php?c=asesor&a=index"},"timestamp":1775839677108}
{"sessionId":"4338d8","runId":"post-fix","hypothesisId":"H1","location":"views\/auth\/header.php:render","message":"header render","data":{"rol":"coordinador","navActive":"coord_index","request":"\/capacitacion1\/index.php?c=coordinador&a=index"},"timestamp":1775839689951}
{"sessionId":"4338d8","runId":"post-fix","hypothesisId":"H1","location":"views\/auth\/header.php:render","message":"header render","data":{"rol":"coordinador","navActive":"coord_curso","request":"\/capacitacion1\/index.php?c=coordinador&a=curso&id=2"},"timestamp":1775839690938}
{"sessionId":"4338d8","runId":"post-fix","hypothesisId":"H2","location":"views\/coordinador\/curso.php:subnav","message":"curso subnav rendered","data":{"idCurso":2,"hasSecondaryTopnav":false,"usesCoordContextToolbar":true,"request":"\/capacitacion1\/index.php?c=coordinador&a=curso&id=2"},"timestamp":1775839690938}
{"sessionId":"4338d8","runId":"run1","hypothesisId":"H2","location":"AsesorController::index","message":"enter","data":{"cedulaLen":10},"timestamp":1775839775846}
{"sessionId":"4338d8","runId":"post-fix","hypothesisId":"H1","location":"AsesorController::index","message":"index data loaded ok","data":{"items":1,"cursos":1},"timestamp":1775839775860}
{"sessionId":"4338d8","runId":"post-fix","hypothesisId":"H1","location":"views\/auth\/header.php:render","message":"header render","data":{"rol":"asesor","navActive":"asesor_index","request":"\/capacitacion1\/index.php?c=asesor&a=index"},"timestamp":1775839775861}
{"sessionId":"4338d8","runId":"post-fix","hypothesisId":"H1","location":"views\/auth\/header.php:render","message":"header render","data":{"rol":"coordinador","navActive":"coord_curso","request":"\/capacitacion1\/index.php?c=coordinador&a=curso&id=2"},"timestamp":1775839781514}
{"sessionId":"4338d8","runId":"post-fix","hypothesisId":"H2","location":"views\/coordinador\/curso.php:subnav","message":"curso subnav rendered","data":{"idCurso":2,"hasSecondaryTopnav":false,"usesCoordContextToolbar":true,"request":"\/capacitacion1\/index.php?c=coordinador&a=curso&id=2"},"timestamp":1775839781514}
{"sessionId":"4338d8","runId":"post-fix","hypothesisId":"H1","location":"views\/auth\/header.php:render","message":"header render","data":{"rol":"coordinador","navActive":"coord_reporte","request":"\/capacitacion1\/index.php?c=coordinador&a=reporte&id=2"},"timestamp":1775839785105}
{"sessionId":"4338d8","runId":"post-fix","hypothesisId":"H1","location":"views\/auth\/header.php:render","message":"header render","data":{"rol":"coordinador","navActive":"coord_detalle","request":"\/capacitacion1\/index.php?c=coordinador&a=asesor_detalle&id=2&cedula=3212132123"},"timestamp":1775839793050}
{"sessionId":"4338d8","runId":"post-fix","hypothesisId":"H1","location":"views\/auth\/header.php:render","message":"header render","data":{"rol":"coordinador","navActive":"coord_reporte","request":"\/capacitacion1\/index.php?c=coordinador&a=reporte&id=2"},"timestamp":1775839810137}
{"sessionId":"4338d8","runId":"run1","hypothesisId":"H2","location":"AsesorController::index","message":"enter","data":{"cedulaLen":10},"timestamp":1775840808630}
{"sessionId":"4338d8","runId":"post-fix","hypothesisId":"H1","location":"AsesorController::index","message":"index data loaded ok","data":{"items":1,"cursos":1},"timestamp":1775840808652}
{"sessionId":"4338d8","runId":"post-fix","hypothesisId":"H1","location":"views\/auth\/header.php:render","message":"header render","data":{"rol":"asesor","navActive":"asesor_index","request":"\/capacitacion1\/index.php?c=asesor&a=index"},"timestamp":1775840808654}
