{"sessionId":"335d18","runId":"pre-fix","hypothesisId":"H1","location":"controllers\/CoordinadorController.php:curso","message":"enter","data":{"idCurso":2,"role":"coordinador"},"timestamp":1775684087813}
{"sessionId":"335d18","runId":"pre-fix","hypothesisId":"H1","location":"controllers\/CoordinadorController.php:curso","message":"loaded","data":{"idCurso":2,"modules":2,"lessonsModuleKeys":2,"idModuloAbierto":2,"idLeccionResaltada":0},"timestamp":1775684087822}
{"sessionId":"335d18","runId":"pre-fix","hypothesisId":"H1","location":"controllers\/CoordinadorController.php:curso","message":"enter","data":{"idCurso":2,"role":"coordinador"},"timestamp":1775684713393}
{"sessionId":"335d18","runId":"pre-fix","hypothesisId":"H1","location":"controllers\/CoordinadorController.php:curso","message":"loaded","data":{"idCurso":2,"modules":2,"lessonsModuleKeys":2,"idModuloAbierto":3,"idLeccionResaltada":0},"timestamp":1775684713401}
{"sessionId":"335d18","runId":"pre-fix","hypothesisId":"H2","location":"controllers\/CoordinadorController.php:modulo_crear","message":"enter","data":{"idCurso":2},"timestamp":1775684838938}
{"sessionId":"335d18","runId":"pre-fix","hypothesisId":"H2","location":"controllers\/CoordinadorController.php:modulo_crear","message":"ok","data":{"idCurso":2},"timestamp":1775684838946}
{"sessionId":"335d18","runId":"pre-fix","hypothesisId":"H1","location":"controllers\/CoordinadorController.php:curso","message":"enter","data":{"idCurso":2,"role":"coordinador"},"timestamp":1775684838952}
{"sessionId":"335d18","runId":"pre-fix","hypothesisId":"H1","location":"controllers\/CoordinadorController.php:curso","message":"loaded","data":{"idCurso":2,"modules":3,"lessonsModuleKeys":3,"idModuloAbierto":2,"idLeccionResaltada":0},"timestamp":1775684838960}
{"sessionId":"335d18","runId":"pre-fix","hypothesisId":"H3","location":"controllers\/CoordinadorController.php:leccion_crear","message":"enter","data":{"idCurso":2,"idModulo":4},"timestamp":1775684864251}
{"sessionId":"335d18","runId":"pre-fix","hypothesisId":"H3","location":"controllers\/CoordinadorController.php:leccion_crear","message":"ok","data":{"idCurso":2,"idModulo":4,"orden":1},"timestamp":1775684864257}
{"sessionId":"335d18","runId":"pre-fix","hypothesisId":"H1","location":"controllers\/CoordinadorController.php:curso","message":"enter","data":{"idCurso":2,"role":"coordinador"},"timestamp":1775684864264}
{"sessionId":"335d18","runId":"pre-fix","hypothesisId":"H1","location":"controllers\/CoordinadorController.php:curso","message":"loaded","data":{"idCurso":2,"modules":3,"lessonsModuleKeys":3,"idModuloAbierto":4,"idLeccionResaltada":10},"timestamp":1775684864271}
{"sessionId":"335d18","runId":"pre-fix","hypothesisId":"H1","location":"controllers\/CoordinadorController.php:curso","message":"enter","data":{"idCurso":2,"role":"coordinador"},"timestamp":1775685683326}
{"sessionId":"335d18","runId":"pre-fix","hypothesisId":"H1","location":"controllers\/CoordinadorController.php:curso","message":"loaded","data":{"idCurso":2,"modules":3,"lessonsModuleKeys":3,"idModuloAbierto":4,"idLeccionResaltada":10},"timestamp":1775685683337}
{"sessionId":"335d18","runId":"pre-fix","hypothesisId":"H1","location":"controllers\/CoordinadorController.php:curso","message":"enter","data":{"idCurso":2,"role":"coordinador"},"timestamp":1775685788063}
{"sessionId":"335d18","runId":"pre-fix","hypothesisId":"H1","location":"controllers\/CoordinadorController.php:curso","message":"loaded","data":{"idCurso":2,"modules":3,"lessonsModuleKeys":3,"idModuloAbierto":4,"idLeccionResaltada":0},"timestamp":1775685788071}
{"sessionId":"335d18","runId":"pre-fix","hypothesisId":"H1","location":"controllers\/CoordinadorController.php:curso","message":"enter","data":{"idCurso":2,"role":"coordinador"},"timestamp":1775685860654}
{"sessionId":"335d18","runId":"pre-fix","hypothesisId":"H1","location":"controllers\/CoordinadorController.php:curso","message":"loaded","data":{"idCurso":2,"modules":3,"lessonsModuleKeys":3,"idModuloAbierto":2,"idLeccionResaltada":0},"timestamp":1775685860668}
{"sessionId":"335d18","runId":"pre-fix","hypothesisId":"H1","location":"controllers\/CoordinadorController.php:curso","message":"enter","data":{"idCurso":2,"role":"coordinador"},"timestamp":1775739584562}
{"sessionId":"335d18","runId":"pre-fix","hypothesisId":"H1","location":"controllers\/CoordinadorController.php:curso","message":"loaded","data":{"idCurso":2,"modules":3,"lessonsModuleKeys":3,"idModuloAbierto":2,"idLeccionResaltada":0},"timestamp":1775739584572}
{"sessionId":"335d18","runId":"pre-fix","hypothesisId":"H3","location":"controllers\/CoordinadorController.php:leccion_crear","message":"enter","data":{"idCurso":2,"idModulo":4},"timestamp":1775739638521}
{"sessionId":"335d18","runId":"pre-fix","hypothesisId":"H3","location":"controllers\/CoordinadorController.php:leccion_crear","message":"ok","data":{"idCurso":2,"idModulo":4,"orden":2},"timestamp":1775739638528}
{"sessionId":"335d18","runId":"pre-fix","hypothesisId":"H1","location":"controllers\/CoordinadorController.php:curso","message":"enter","data":{"idCurso":2,"role":"coordinador"},"timestamp":1775739638557}
{"sessionId":"335d18","runId":"pre-fix","hypothesisId":"H1","location":"controllers\/CoordinadorController.php:curso","message":"loaded","data":{"idCurso":2,"modules":3,"lessonsModuleKeys":3,"idModuloAbierto":4,"idLeccionResaltada":11},"timestamp":1775739638567}
{"sessionId":"335d18","runId":"run1","hypothesisId":"H1","location":"CoordinadorController::asesores","message":"enter","data":{"idCurso":2},"timestamp":1775749873852}
{"sessionId":"335d18","runId":"run1","hypothesisId":"H5","location":"CoordinadorReporte::asesoresPorCurso","message":"enter","data":{"idCurso":2},"timestamp":1775749873855}
{"sessionId":"335d18","runId":"run1","hypothesisId":"H5","location":"CoordinadorReporte::asesoresPorCurso","message":"tras_query_asesores","data":{"n":2},"timestamp":1775749873856}
{"sessionId":"335d18","runId":"post-fix","hypothesisId":"H3","location":"CoordinadorController::asesores","message":"ok","data":{"idCurso":2,"nAsesores":2},"timestamp":1775749873859}
